<?xml version="1.0" encoding="UTF-8"?>
<!-- Generated by org.testng.reporters.JUnitReportReporter -->
<testsuite skipped="0" hostname="WKWIN5337880" name="testing.qa_challenge.GoogleSearch" tests="1" failures="0" timestamp="11 Oct 2018 18:15:29 GMT" time="12.189" errors="0">
  <testcase name="googleTest" time="12.189" classname="testing.qa_challenge.GoogleSearch"/>
</testsuite> <!-- testing.qa_challenge.GoogleSearch -->
